IDENTIFIER	r
ASSIGN		=
FLOAT		8.000000
NEWLINE
IDENTIFIER	pi
ASSIGN		=
FLOAT		3.141500
NEWLINE
IDENTIFIER	circle_area
ASSIGN		=
IDENTIFIER	pi
TIMES		*
IDENTIFIER	r
TIMES		*
IDENTIFIER	r
NEWLINE
IDENTIFIER	circle_circum
ASSIGN		=
IDENTIFIER	pi
TIMES		*
INTEGER		2
TIMES		*
IDENTIFIER	r
NEWLINE
IDENTIFIER	sphere_vol
ASSIGN		=
LPAREN		(
FLOAT		4.000000
DIVIDEDBY	/
FLOAT		3.000000
RPAREN		)
TIMES		*
IDENTIFIER	pi
TIMES		*
IDENTIFIER	r
TIMES		*
IDENTIFIER	r
TIMES		*
IDENTIFIER	r
NEWLINE
IDENTIFIER	sphere_surf_area
ASSIGN		=
INTEGER		4
TIMES		*
IDENTIFIER	pi
TIMES		*
IDENTIFIER	r
TIMES		*
IDENTIFIER	r
NEWLINE
